<?xml version="1.0" encoding="UTF-8"?>
<!-- Generated by org.testng.reporters.JUnitReportReporter -->
<testsuite skipped="0" hostname="Doxna-PC" name="com.guru99BankingApp.Testcase.TC_14" tests="1" failures="0" timestamp="20 May 2019 22:20:19 GMT" time="8.453" errors="0">
  <testcase name="LoginToTheApplication" time="8.453" classname="com.guru99BankingApp.Testcase.TC_14"/>
</testsuite> <!-- com.guru99BankingApp.Testcase.TC_14 -->
