<?xml version="1.0" encoding="UTF-8"?>
<!-- Generated by org.testng.reporters.JUnitReportReporter -->
<testsuite name="com.guru99BankingApp.Testcase.TC_loginWithDeffirentData" tests="1" time="2.289" ignored="0" failures="0" timestamp="12 Jun 2019 07:17:21 GMT" skipped="0" hostname="Doxna-PC" errors="0">
  <testcase name="TC_logingTest" time="2.289" classname="com.guru99BankingApp.Testcase.TC_loginWithDeffirentData"/>
</testsuite> <!-- com.guru99BankingApp.Testcase.TC_loginWithDeffirentData -->
