<?xml version="1.0" encoding="UTF-8"?>
<!-- Generated by org.testng.reporters.JUnitReportReporter -->
<testsuite name="com.guru99BankingApp.Testcase.TC_loginWithDeffirentData" tests="1" time="1.116" ignored="0" failures="0" timestamp="26 May 2019 18:45:58 GMT" skipped="0" hostname="Doxna-PC" errors="0">
  <testcase name="TC_logingTest" time="1.116" classname="com.guru99BankingApp.Testcase.TC_loginWithDeffirentData"/>
</testsuite> <!-- com.guru99BankingApp.Testcase.TC_loginWithDeffirentData -->
