<?xml version="1.0" encoding="UTF-8"?>
<!-- Generated by org.testng.reporters.JUnitReportReporter -->
<testsuite name="com.guru99BankingApp.Testcase.AddNewCustomer" tests="1" time="4.785" ignored="0" failures="0" timestamp="02 Jul 2019 11:04:31 GMT" skipped="0" hostname="Doxna-PC" errors="0">
  <testcase name="testAddNewCustomer" time="4.785" classname="com.guru99BankingApp.Testcase.AddNewCustomer"/>
</testsuite> <!-- com.guru99BankingApp.Testcase.AddNewCustomer -->
